[   0.0000] Initializing grou subsys cset
[   0.0000 Iniiaizing cgroup subsys cpu
[   0.00000] Initializing cgroup subsys cpuacct
[    0.000000]Liux version 4.4.0-116-generic (build@lgw01-amd64-021) (gcc version 5.4.0 20160609 (Ubuntu 5.4.0-6ubuntu1~16..9) ) #40Ubntu SMP Mon eb 12 21:23:04 UTC 2018 (Ubuntu 4.4.0-116.140-genric 4.4.98)
[    0.000000] Command line:BOOIMGE/boot/vmlinuz-4.4.0-116-generic root=LABEL=cloudimg-rootfs ro consoltt1 console=tty0[    0.0000] KERNEL supprted cpus
[   0.00000  Intel GenuineIntel
[    0.000000] AD AuhenticAMD
[    0.000000]   Centaur CnturHauls
[    0.0000] x6/fpu: xstat_offset[]:  576, xsta_szes[2] 256
[    0.000000] x86/fpu: Supporting XSAVE feature 0x01: 'x87 floating point regisers'
[    0.0000] 86fp Supptig XSAV fature 0x02: 'SSE registers'
[    0.000000] x86/fpu: Supporting XSAVE feature x04: 'AVX rgites'
[  0.000000] x86/fpu: Enabled xstate features 0x7, context size is 832 bytes, using 'standard' format.
[    0.000000] x86/fpu: Using 'lazy' FPU context switches.
[    0.000000] e820: BIOS-provided physical RAM map:
[    0.000000] BIOS-e820: [mem 0x0000000000000000-0x000000000009fbff] usable
[    0.000000] BIOS-e820: [mem 0x000000000009fc00-0x000000000009ffff] reserved
[    0.000000] BIOS-e820: [me 0x000000000f0000-000000000fff] reserved
[    0.000000] BIOS-e820: [me0x00000010000x0000003ffeffff] usable
[    0.000000] BIOS-e820: [mem 0x000000003fff0000-0x000000003fffffff] ACPI data
[    0.000000 BOS-e0:[mem0x0000fe000-00000000fec00fff] reserved
[   0.000000] BIOS-e820: [mem0x00000fe0000-x00000000fee00fff] reserved
[    0.000000] BIOS-e820: [mem 0x00000000fffc0000-0x00000000ffffffff] reserved
[    0.000000] NX (Execute Disable) protection: active
[    0.000000] SMBIOS 2.5 present.
[    0.000000] Hypervisor detected: KVM
[    0.000000] e820: last_pfn = 0x3fff0 max_arch_pfn = 0x400000000
[    0.000000] MTRR: Disable
[    0.000000] x86/PAT: MTRRs disabled, skipping PAT initializtion too.
[    0.000000] CPU MTRRs all blank - virtualized system.
[    0.000000] x86/PAT: Coiguration[0]:WB T  UC- UC  WB  WT  UC- UC  
[    0.000000] found SMP MP-table at [mem 0x0009fff0-0x0009ffff] mapped at [ffff88000009fff0]
[    0.000000] Scanning 1 areas for low memory corruption
[    0.000000] RAMDISK: [mem 0x36ac0000-0x37557fff]
[    0.000000] ACPI: Early table checksum verification disabled
[    0.000000] ACPI: RSDP 0x00000000000E0000 000024 (v02 VBOX  )
[    0.000000] ACPI: XSDT 0x000000003FFF0030 00003C (v01 VBOX   VBOXXSDT 0000000 ASL  00000061)
[    0.000000] ACP: AC 0000003FFF00F0 0000F4 (v04 VBOX   VBOXFACP 00000001 ASL  00000061)
[    0.0000] ACPI: DSDT 0x000000003FFF0470 0021FF (v02 VBOX   VBOXBIOS 00000002 INTL 20100528)
[    0.000000] ACPI: FACS 0x000000003FFF0200 000040
[    0.000000] ACPI: FACS 0x000000003FFF0200 0040
  0.0000]ACPI: APIC 0x000000003FFF0240 00005C (v02 VBOX   VBOXAPIC 00000001 ASL  00000061)
[    0.000000] ACPI: SSDT 0x0000003FF02A0 000CCv01 VBOX   VBOXCP 000002 NT2010058)
[  00000]o NUMAcoigratin ound
[    0.00000 Faing anode at [m 00000000000000000-0x000000003ffeffff]
[    0.000000] NODE_DATA(0) allocated [mem 0x3ffeb000-0x3ffeffff]
[    0.000000] kvm-clock: Using msrs 4b564d01 and 4b564d
[    0.000000] kvm-clock: cpu 0, msr 0:3ffe3001, primary cpu clock
[    0.000000] kvm-clock: using sched offset of 3503419318 cycles
[    0.000000] clocksource: kvm-clock: mask: 0xffffffffffffffff max_cycles: 0x1cd42e4dffb, max_idle_ns: 881590591483 ns
[    0.000000] Zone ranges:
[    0.000000]  DMA      [mem 0x0000000000001000-0x0000000000ffffff]
[    0.000000]   DMA32    [mem 0x0000000001000000-0x000000003ffeffff]
[    0.000]   Nrm   empty
[    0.000000]   Devi   empty
[    0.000000] Movable zone start or ac node
[    0.0000] Early memory noderanges
[    0.000000]   node   0: [mem 0x0000000000001000-0x000000000009efff]
[    0.000000]   node   0: [mem 0x0000000000100000-0x000000003ffeffff]
[    0.000000] Initmem setup node 0 [mem 0x0000000000001000-0x000000003ffeffff]
[    0.000000] ACPI: PM-Timer IO Por: x4008
  0.0000] IOAIC[0]: apicd , version 32, addres0xec00, GSI 0-23
[    0.000000] ACPIIN_SRC_OVR (bus 0 bus_irq 0 global_irq 2 dfl dfl)
[   0.00000] ACPI: INSRC_OR (bus 0 bus_irq 9 global_irq 9 low level)
[    0.000000] Using ACPI (MADT) for SMP configuration information
[    0.000000] smpboot: Allowig 2 CPUs, 0 hotplug CPUs
[    0.000000] PM: Registered nosave memory: [mem 0x00000000-0x00000fff]
[    0.000000] PM: Registered nosave memory: [mem 0x0009f000-0x0009ffff]
[    0.000000] PM: Registered nosave memory: [mem 0x000a0000-0x000effff]
[    0.000000] PM: Registerenosave memory: [mem 0x000f0000-0x000fffff]
[    0.000000] e820: [mem 0x40000000-0xfebfffff] available for PCI devices
[    0.000000] Booting paravirualized kenel on KVM
[  0.000000] clocksorce: refined-jiffies: mask: 0xffffffff max_cycles: 0xffffffff, max_idle_ns: 7645519600211568 ns
[    0.000000] setup_percpu: NR_CPUS:512 nr_cpumask_bits:512 nrcpu_id:2 nr_node_id:1
[    0.000000] PERCPU: Embedded 34 pages/cpu @ffff88003fc00000 s99544 r8192 d31528 u1048576
[   .00000] PV qsppinlock hash ble entries: 256 (order: 0, 4096 bytes)
[    0000000] Built 1 zonelists in Node order, mobility grouping on  Total pages: 257913
[    0.000000] Policy zone: DMA32
[    0.000000] Kernel command line: BOOT_IMAGE=/boot/vmlinuz-4.4.0-116-generic root=LABEL=cloudimg-rootfs ro console=tty1 console=ttyS0
[    0.000000] PID hash table entries: 4096 (order: 3, 32768 bytes)
[    0.000000] Memory: 1001684K/1048120K available (8530K kernel code, 1309K rwdata, 3992K rodata, 1508K init, 1316K bss, 46436K reserved, 0K cma-reserved)
[    0.000000] SLUB: HWalign=64, Order=0-3, MinObjects=0, CPUs=2, Nodes=1
[    0.000000] Kernel/User page tables isolation: enabled
[    0.000000] ieraricl RCU implmentation.
[    0.000000] 	Build-time adjustment of leaf fanout to 64.
[    0.000000] 	RCU restritig PUs from NR_CPUS=512 to nr_cpu_ids=2.
[    0.000000] RCU: Adjusting geometry for rcu_fanout_leaf=64, nr_cpu_ids=2
[    0.000000] NR_IRQS:33024 nr_irqs:440 16
[    0.000000] Console: colour VGA+ 80x25
[   .000000] console [tty1] abled
[   0.000000] console [ttyS0] enabled
[    0.000000] tsc: Detected 1992.000 MHz processor
[    5.741733] Calibrating delay loop (skipped) preset value.. 3984.00 BogoMIPS (lpj=7968000)
[    5.745320] pid_max: default: 32768 minimum: 301
[    5.753102] ACPI: Core revision 20150930
[    5.770999] ACPI: 2 ACPI AML tables successfully acquired and loaded
[    5.787577] Security Framework initialized
[    5.788656] Yama: becoming mindful.
[    5.792021] AppArmor: AppArmor initialized
[    5.799936] Dentry cache hash table entries: 131072 (order: 8, 1048576 bytes)
[    5.804383] Inode-cache hash table entries: 65536 (order: 7, 524288 bytes)
[    5.806548] Mount-cache hash table entries: 2048 (order: 2, 16384 bytes)
[    5.809096] Mountpoint-cache hash table entries: 2048 (order: 2, 16384 bytes)
[    5.812821] Initializing cgroup subsys io
[    5.813910] Initializing cgroup subsys memory
[    5.815095] Initializing cgroup subsys devices
[    5.822648] Initializing cgroup subsys freezer
[    5.829463] Initializing cgroup subsys net_cls
[    5.830672] Initializing cgroup subsys perf_event
[    5.832197] Initializing cgroup subsys net_prio
[    5.833368] Initializing cgroup subsys hugetlb
[    5.834578] Initializing cgroup subsys pids
[    5.839388] CPU: Physical Processor ID: 0
[    5.840668] CPU: Processor Core ID: 0
[    5.842427] FEATURE SPEC_CTRL Not Present
[    5.853705] mce: CPU supports 0 MCE banks
[    5.867120] Last level iTLB entries: 4KB 64, 2MB 8, 4MB 8
[    5.895379] Last level dTLB entries: 4KB 64, 2MB 0, 4MB 0, 1GB 4
[    5.896864] Spectre V2 mitigation: Mitigation: Full generic retpoline
[    5.898421] Spectre V2 mitigation: Speculation control IBPB not-supported IBRS not-supported
[    5.908228] Freeing SMP alternatives memory: 32K
[    5.928050] ftrace: allocating 32186 entries in 126 pages
[    6.005047] smpboot: APIC(0) Converting physical 0 to logical package 0
[    6.012540] smpboot: Max logical packages: 1
[    6.039855] x2apic enabled
[    6.064126] Switched APIC routing to physical x2apic.
[    6.069969] ..TIMER: vector=0x30 apic1=0 pin1=2 apic2=-1 pin2=-1
[    6.199961] APIC calibration not consistent with PM-Timer: 101ms instead of 100ms
[    6.236621] APIC delta adjusted to PM-Timer: 6249959 (6321127)
[    6.251502] smpboot: CPU0: Intel(R) Core(TM) i5-6360U CPU @ 2.00GHz (family: 0x6, model: 0x4e, stepping: 0x3)
[    6.276019] Performance Events: unsupported p6 CPU model 78 no PMU driver, software events only.
[    6.328877] KVM setup paravirtual spinlock
[    6.336187] x86: Booting SMP configuration:
[    6.344036] .... node  #0, CPUs:      #1
[    6.352849] kvm-clock: cpu 1, msr 0:3ffe3041, secondary cpu clock
[    6.372244] mce: CPU supports 0 MCE banks
[    6.375238] x86: Booted up 1 node, 2 CPUs
[    6.376626] smpboot: Total of 2 processors activated (7968.00 BogoMIPS)
[    6.378863] devtmpfs: initialized
[    6.397946] evm: security.selinux
[    6.401568] evm: security.SMACK64
[    6.402536] evm: security.SMACK64EXEC
[    6.409339] evm: security.SMACK64TRANSMUTE
[    6.410515] evm: security.SMACK64MMAP
[    6.411710] evm: security.ima
[    6.415892] evm: security.capability
[    6.417088] clocksource: jiffies: mask: 0xffffffff max_cycles: 0xffffffff, max_idle_ns: 7645041785100000 ns
[    6.420642] futex hash table entries: 512 (order: 3, 32768 bytes)
[    6.435913] pinctrl core: initialized pinctrl subsystem
[    6.450032] RTC time:  6:48:14, date: 03/01/18
[    6.458120] NET: Registered protocol family 16
[    6.471605] cpuidle: using governor ladder
[    6.491969] cpuidle: using governor menu
[    6.494983] PCCT header not found.
[    6.521717] ACPI: bus type PCI registered
[    6.530975] acpiphp: ACPI Hot Plug PCI Controller Driver version: 0.5
[    6.589011] PCI: Using configuration type 1 for base access
[    6.605503] ACPI: Added _OSI(Module Device)
[    6.628549] ACPI: Added _OSI(Processor Device)
[    6.635485] ACPI: Added _OSI(3.0 _SCP Extensions)
[    6.636696] ACPI: Added _OSI(Processor Aggregator Device)
[    6.645595] ACPI: Executed 1 blocks of module-level executable AML code
[    6.652183] ACPI: Interpreter enabled
[    6.662510] ACPI: (supports S0 S5)
[    6.665249] ACPI: Using IOAPIC for interrupt routing
[    6.694449] PCI: Using host bridge windows from ACPI; if necessary, use "pci=nocrs" and report a bug
[    6.727246] ACPI: PCI Root Bridge [PCI0] (domain 0000 [bus 00-ff])
[    6.744500] acpi PNP0A03:00: _OSC: OS supports [ASPM ClockPM Segments MSI]
[    6.758279] acpi PNP0A03:00: _OSC: not requesting OS control; OS requires [ExtendedConfig ASPM ClockPM MSI]
[    6.761078] acpi PNP0A03:00: fail to add MMCONFIG information, can't access extended PCI configuration space under this bridge.
[    6.765715] PCI host bridge to bus 0000:00
[    6.767163] pci_bus 0000:00: root bus resource [io  0x0000-0x0cf7 window]
[    6.769268] pci_bus 0000:00: root bus resource [io  0x0d00-0xffff window]
[    6.775420] pci_bus 0000:00: root bus resource [mem 0x000a0000-0x000bffff window]
[    6.785070] pci_bus 0000:00: root bus resource [mem 0x40000000-0xfdffffff window]
[    6.800354] pci_bus 0000:00: root bus resource [bus 00-ff]
[    6.823544] pci 0000:00:01.1: legacy IDE quirk: reg 0x10: [io  0x01f0-0x01f7]
[    6.832710] pci 0000:00:01.1: legacy IDE quirk: reg 0x14: [io  0x03f6]
[    6.834887] pci 0000:00:01.1: legacy IDE quirk: reg 0x18: [io  0x0170-0x0177]
[    6.836804] pci 0000:00:01.1: legacy IDE quirk: reg 0x1c: [io  0x0376]
[    6.860406] pci 0000:00:07.0: quirk: [io  0x4000-0x403f] claimed by PIIX4 ACPI
[    6.866454] pci 0000:00:07.0: quirk: [io  0x4100-0x410f] claimed by PIIX4 SMB
[    6.928569] ACPI: PCI Interrupt Link [LNKA] (IRQs 5 9 10 *11)
[    6.960450] ACPI: PCI Interrupt Link [LNKB] (IRQs 5 9 *10 11)
[    6.981301] ACPI: PCI Interrupt Link [LNKC] (IRQs 5 *9 10 11)
[    7.037224] ACPI: PCI Interrupt Link [LNKD] (IRQs 5 9 10 *11)
[    7.057168] ACPI: Enabled 2 GPEs in block 00 to 07
[    7.075148] vgaarb: setting as boot device: PCI:0000:00:02.0
[    7.089447] vgaarb: device added: PCI:0000:00:02.0,decodes=io+mem,owns=io+mem,locks=none
[    7.124039] vgaarb: loaded
[    7.136149] vgaarb: bridge control possible 0000:00:02.0
[    7.137734] SCSI subsystem initialized
[    7.149803] ACPI: bus type USB registered
[    7.152571] usbcore: registered new interface driver usbfs
[    7.164891] usbcore: registered new interface driver hub
[    7.175290] usbcore: registered new device driver usb
[    7.188543] PCI: Using ACPI for IRQ routing
[    7.201600] NetLabel: Initializing
[    7.216463] NetLabel:  domain hash size = 128
[    7.237982] NetLabel:  protocols = UNLABELED CIPSOv4
[    7.239294] NetLabel:  unlabeled traffic allowed by default
[    7.241405] amd_nb: Cannot enumerate AMD northbridges
[    7.252082] clocksource: Switched to clocksource kvm-clock
[   7.29] pArmor: AppArmor Filesystem Eabed[  7069]pn P AI ni
[  8469]npPnP ACPI: found dics
[    8.495237] clocksource: acpi_pm: mask: 0xffffff max_cycles: 0xffffff, max_idle_ns: 2085701024 ns
[    8.534090] NET: Registered protocol family 2
[    8.535404] TCP established hash table entries: 8192 (order: 4, 65536 bytes)
[    8.564297] TCP bind hash table entries: 8192 (order: 5, 131072 bytes)
[    8.565783] TCP: Hash tables configured (established 8192 bind 8192)
[    8.607728] UDP hash table entries: 512 (order: 2, 16384 bytes)
[    8.629075] UDP-Lite hash table entries: 512 (order: 2, 16384 bytes)
[    8.653508] NET: Registered protocol family 1
[    8.655386] pci 0000:00:00.0: Limiting direct PCI/PCI transfers
[    8.677105] pci 0000:00:01.0: Activating ISA DMA hang workarounds
[    8.687591] Unpacking initramfs...
[   10.652713] Freeing initrd memory: 10848K
[   10.759100] platform rtc_cmos: registered platform RTC device (no PNP device found)
[   10.767002] Scanning for low memory corruption every 60 seconds
[   10.812037] audit: initializing netlink subsys (disabled)
[   10.817850] audit: type=2000 audit(1519886897.448:1): initialized
[   10.819597] Initialise system trusted keyring
[   10.820885] HugeTLB registered 2 MB page size, pre-allocated 0 pages
[   10.850666] zbud: loaded
[   10.858933] VFS: Disk quotas dquot_6.6.0
[   10.860200] VFS: Dquot-cache hash table entries: 512 (order 0, 4096 bytes)
[   10.862134] squashfs: version 4.0 (2009/01/31) Phillip Lougher
[   10.872832] fuse init (API version 7.23)
[   10.900839] Key type big_key registered
[   10.908134] Allocating IMA MOK and blacklist keyrings.
[   10.927032] Key type asymmetric registered
[   10.937720] Asymmetric key parser 'x509' registered
[   10.944789] Block layer SCSI generic (bsg) driver version 0.4 loaded (major 249)
[   10.953953] io scheduler noop registered
[   10.957843] io scheduler deadline registered (default)
[   10.964604] io scheduler cfq registered
[   10.972105] pci_hotplug: PCI Hot Plug PCI Core version: 0.5
[   10.977266] pciehp: PCI Express Hot Plug Controller Driver version: 0.4
[   10.986081] ACPI: AC Adapter [AC] (off-line)
[   11.010023] input: Power Button as /devices/LNXSYSTM:00/LNXPWRBN:00/input/input0
[   11.051736] ACPI: Power Button [PWRF]
[   11.070544] input: Sleep Button as /devices/LNXSYSTM:00/LNXSLPBN:00/input/input1
[   11.085227] ACPI: Sleep Button [SLPF]
[   11.092266] GHES: HEST is not enabled!
[   11.102919] ACPI: Battery Slot [BAT0] (battery present)
[ 11709]erl:825/150rier 3pos,RQshinenle
[  12.038630ts: fid C ocouce calibration: 1991.494 MHz

[  2.42060]clocksource: tsc: mask: 0fffffffffff m_cle 09655e0ma_ilens 81590442386 ns

[   13.281344] 00:02: ttyS0 at I/O 0x3f8 (irq = 4, base_baud = 115200) is a 16550A
[ 13096]Linux agat teacv0.3
[   13.7974]oo: ode ad
[   14.122585] scsi host0: ata_piix
[   14.125075] scsios: ata_piix
[   14.250821] ata1: PATA max UDMA/33 cmd 0x1f0 ctl 0x3f6 bmdma 0xd000 irq 14
[   14.276361] ata2: PATA max UDMA/33 cmd 0x170 ctl 0x376 bmdma 0xd008 irq 15
[   14.290456] libphy: Fixed MDIO Bus: probed
[   14.298255] tun: Universal TUN/TAP device driver, 1.6
[   14.323236] tun: (C) 1999-2004 Max Krasnyansky <maxk@qualcomm.com>
[   14.335153] PPP generic driver version 2.4.2
[   14.345100] ehci_hcd: USB 2.0 'Enhanced' Host Controller (EHCI) Driver
[   14.347897] ehci-pci: EHCI PCI platform driver
[   14.360868] ehci-platform: EHCI generic platform driver
[   14.381977] ohci_hcd: USB 1.1 'Open' Host Controller (OHCI) Driver
[   14.402235] ohci-pci: OHCI PCI platform driver
[   14.410279] ohci-platform: OHCI generic platform driver
[   14.486185] uhci_hcd: USB Universal Host Controller Interface driver
[   14.576545] i8042: PNP: PS/2 Controller [PNP0303:PS2K,PNP0f03:PS2M] at 0x60,0x64 irq 1,12
[   4.94] ri i04 KBDpot t 600x i 1
[   15.22609]seo:80 AX ort at 0x6,064 ir 1

[   15.658702] mousedev: PS/2 mouse device common for all mice
[   15.699160] input: AT Translated Set 2 keyboard as /devices/platform/i8042/serio0/input/input2
[   15.702600] rtc_cmos rtc_cmos: rtc core: registered rtc_cmos as rtc0
[   15.721775] rtc_cmos rtc_cmos: alarms up to one day, 114 bytes nvram
[   15.768988] i2c /dev entries driver
[   15.783238] device-mapper: uevent: version 1.0.3
[   15.825374] device-mapper: ioctl: 4.34.0-ioctl (2015-10-28) initialised: dm-devel@redhat.com
[   15.902220] ledtrig-cpu: registered to indicate activity on CPUs
[   15.945768] NET: Registered protocol family 10
[   15.957240] NET: Registered protocol family 17
[   15.989604] Key type dns_resolver registered
[   16.019241] microcode: CPU0 sig=0x406e3, pf=0x2, revision=0x0
[   16.033595] microcode: CPU1 sig=0x406e3, pf=0x2, revision=0x0
[   16.042386] microcode: Microcode Update Driver: v2.01 <tigran@aivazian.fsnet.co.uk>, Peter Oruba
[   16.094216] registered taskstats version 1
[   16.140214] Loading compiled-in X.509 certificates
[   16.224468] Loaded X.509 cert 'Build time autogenerated kernel key: aa84f01984fbd529c105810b59e379d349698248'
[   16.309799] zswap: loaded using pool lzo/zbud
[   16.313601] Key type trusted registered
[   16.353926] Key type encrypted registered
[   16.379110] AppArmor: AppArmor sha1 policy hashing enabled
[   16.389925] ima: No TPM chip found, activating TPM-bypass!
[   16.392685] evm: HMAC attrs: 0x1
[   16.394038]   Magic number: 10:476:821
[   16.395158] rtc_cmos rtc_cmos: setting system clock to 2018-03-01 06:48:24 UTC (1519886904)
[   16.411345] BIOS EDD facility v0.16 2004-Jun-25, 0 devices found
[   16.432539] EDD information not available.
[   16.437725] Freeing unused kernel memory: 1508K
[   16.438865] Write protecting the kernel read-only data: 14336k
[   16.464058] Freeing unused kernel memory: 1700K
[   16.474603] Freeing unused kernel memory: 104K
Loading, please wait...
starting version[   16.492516] random: systemd-udevd: uninitialized urandom read (16 bytes read, 7 bits of entropy available)
 229
[   16.493264] random: udevadm: uninitialized urandom read (16 bytes read, 7 bits of entropy available)
[   16.493300] random: udevadm: uninitialized urandom read (16 bytes read, 7 bits of entropy available)
[   16.512782] random: udevadm: uninitialized urandom read (16 bytes read, 7 bits of entropy available)
[   16.512861] random: udevadm: uninitialized urandom read (16 bytes read, 7 bits of entropy available)
[   16.513119] random: udevadm: uninitialized urandom read (16 bytes read, 7 bits of entropy available)
[   16.513208] random: udevadm: uninitialized urandom read (16 bytes read, 7 bits of entropy available)
[   16.513294] random: udevadm: uninitialized urandom read (16 bytes read, 7 bits of entropy available)
[   16.513383] random: udevadm: uninitialized urandom read (16 bytes read, 7 bits of entropy available)
[   16.513467] random: udevadm: uninitialized urandom read (16 bytes read, 7 bits of entropy available)
[   16.796547] e1000: Intel(R) PRO/1000 Network Driver - version 7.3.21-k8-NAPI
[   16.800227] e1000: Copyright (c) 1999-2006 Intel Corporation.
[   16.831407] Fusion MPT base driver 3.04.20
[   16.846016] Copyright (c) 1999-2008 LSI Corporation
[   16.867721] Fusion MPT SPI Host driver 3.04.20
[   16.887035] AVX2 version of gcm_enc/dec engaged.
[   16.890636] AES CTR mode by8 optimization enabled
[   17.114091] input: ImExPS/2 Generic Explorer Mouse as /devices/platform/i8042/serio1/input/input4
[   17.238004] e1000 0000:00:03.0 eth0: (PCI:33MHz:32-bit) 02:24:89:81:87:2f
[   17.250313] e1000 0000:00:03.0 eth0: Intel(R) PRO/1000 Network Connection
[   17.272421] mptbase: ioc0: Initiating bringup
[   17.611292] ioc0: LSI53C1030 A0: Capabilities={Initiator}
[   18.952822] scsi host2: ioc0: LSI53C1030 A0, FwRev=00000000h, Ports=1, MaxQ=256, IRQ=20
[   19.791813] scsi 2:0:0:0: Direct-Access     VBOX     HARDDISK         1.0  PQ: 0 ANSI: 5
[   19.824196] scsi target2:0:0: Beginning Domain Validation
[   19.832888] scsi target2:0:0: Domain Validation skipping write tests
[   19.834832] floppy0: no floppy controllers found
[   19.853671] scsi target2:0:0: Ending Domain Validation
[   19.856327] scsi target2:0:0: asynchronous
[   19.858827] scsi 2:0:1:0: Direct-Access     VBOX     HARDDISK         1.0  PQ: 0 ANSI: 5
[   19.862184] scsi target2:0:1: Beginning Domain Validation
[   19.870993] scsi target2:0:1: Domain Validation skipping write tests
[   19.872645] scsi target2:0:1: Ending Domain Validation
[   19.874004] scsi target2:0:1: asynchronous
[   19.889188] sd 2:0:0:0: Attached scsi generic sg0 type 0
[   19.892123] sd 2:0:1:0: Attached scsi generic sg1 type 0
[   19.893805] sd 2:0:0:0: [sda] 20971520 512-byte logical blocks: (10.7 GB/10.0 GiB)
[   19.895635] sd 2:0:1:0: [sdb] 20480 512-byte logical blocks: (10.5 MB/10.0 MiB)
[   19.897894] sd 2:0:0:0: [sda] Write Protect is off
[   19.899375] sd 2:0:0:0: [sda] Incomplete mode parameter data
[   19.907107] sd 2:0:0:0: [sda] Assuming drive cache: write through
[   19.914370] sd 2:0:1:0: [sdb] Write Protect is off
[   19.933824] sd 2:0:1:0: [sdb] Incomplete mode parameter data
[   19.936448] sd 2:0:1:0: [sdb] Assuming drive cache: write through
[   19.940256]  sda: sda1
[   19.948809] sd 2:0:1:0: [sdb] Attached SCSI disk
[   19.955668] sd 2:0:0:0: [sda] Attached SCSI disk
[   20.214077] e1000 0000:00:08.0 eth1: (PCI:33MHz:32-bit) 08:00:27:2c:1a:70
[   20.215933] e1000 0000:00:08.0 eth1: Intel(R) PRO/1000 Network Connection
[   20.227255] e1000 0000:00:03.0 enp0s3: renamed from eth0
[   20.296846] e1000 0000:00:08.0 enp0s8: renamed from eth1
Begin: Loading e[   21.737642] md: linear personality registered for level -1
ssential drivers[   21.831849] md: multipath personality registered for level -4
 ... [   21.914947] md: raid0 personality registered for level 0
[   22.001419] md: raid1 personality registered for level 1
[   22.156287] raid6: sse2x1   gen()  8314 MB/s
[   22.288600] raid6: sse2x1   xor()  6234 MB/s
[   22.384167] raid6: sse2x2   gen()  5895 MB/s
[   22.460167] raid6: sse2x2   xor()  6821 MB/s
[   22.532114] raid6: sse2x4   gen() 12074 MB/s
[   22.600125] raid6: sse2x4   xor()  6574 MB/s
[   22.668575] raid6: avx2x1   gen() 18767 MB/s
[   22.740269] raid6: avx2x2   gen() 18786 MB/s
[   22.852418] raid6: avx2x4   gen() 24002 MB/s
[   22.861678] raid6: using algorithm avx2x4 gen() 24002 MB/s
[   22.882556] raid6: using avx2x2 recovery algorithm
[   22.895099] xor: automatically using best checksumming function:
[   22.940148]    avx       : 16748.000 MB/sec
[   23.019334] async_tx: api initialized (async)
[   23.064492] md: raid6 personality registered for level 6
[   23.093696] md: raid5 personality registered for level 5
[   23.124481] md: raid4 personality registered for level 4
[   23.154542] md: raid10 personality registered for level 10
done.
Begin: Running /scripts/init-premount ... done.
Begin: Mounting root file system ... Begin: Running /scripts/local-top ... done.
Begin: Running /scripts/local-premount ... [   23.240319] Btrfs loaded
Scanning for Btrfs filesystems
done.
Warning: fsck no[   23.315631] EXT4-fs (sda1): mounted filesystem with ordered data mode. Opts: (null)
t present, so skipping root file system
done.
Begin: Running /scripts/local-bottom ... done.
Begin: Running /scripts/init-bottom ... done.
[   23.560583] systemd[1]: systemd 229 running in system mode. (+PAM +AUDIT +SELINUX +IMA +APPARMOR +SMACK +SYSVINIT +UTMP +LIBCRYPTSETUP +GCRYPT +GNUTLS +ACL +XZ -LZ4 +SECCOMP +BLKID +ELFUTILS +KMOD -IDN)
[   23.598085] systemd[1]: Detected virtualization oracle.
[   23.599546] systemd[1]: Detected architecture x86-64.

Welcome to [1mUbuntu 16.04.4 LTS[0m!

[   23.6760syem1]Sehotne  <un>.

[   24.275442] systemd[1]: Initializing machine ID from random generator.
[   24.319662] systemd[1]: Installed transient /etc/machine-id file.
[   24.547425] systemd[1]: Reached target Swap.
[[0;32m  OK  [0m] Reached target Swap.
[  262012syem1]Listenig  JuralSocket (/dev/log).

[[0;32m  OK  [0m] Listening on Journal Socket (/dev/log).
[   25.150227] systemd[1]: Started Forward Password Requests to Wall Directory Wah.

[[0;32m  OK  [0m] Started Forward Password Requests to Wall Directory Watch.
[   25.231219] systemd[1]: Created slice System Slice.
[[0;32m  OK  [0m] Created slice System Slice.
[   25.238545] systemd[1]: Listening on /dev/initctl Compatibility Named Pipe.
[[0;32m  OK  [0m] Listening on [   25.261170] random: nonblocking pool is initialized
/dev/initctl Compatibility Named Pipe.
[   26.399307] systemd[1]: Set up automount Arbrar Executab File FormatsFie st Aomntoi.
[[0;32m  OK  [0m] Set up automount Arbitrary Executab...ats File System Automount Point.
[  2.9452]ysmd1]Listening  uevontrol Socet

[[0;32m  OK  [0m] Listening on udev Control Socket.
[ 27166] systed[: istening on LVM2 metadata daemon socket.

[[0;32m  OK  [0m] Listening on LVM2 metadata daemon socket.
[  27.81704 sstemd[1]: Reache target ncypted Volumes.
[[0;32m  OK  [0m] Reached target Encrypted Volumes.
[  2.1256] systemd[1]: Created slice User and Session Slice.
[[0;32m  OK  [0m] Created slice User and Session Slice.
[   28.265403] systemd[1]: Reached target User and Group Name Lookups.
[[0;32m  OK  [0m] Reached target User and Group Name Lookups.
[   28.269484] systemd[1]: Listening on Syslog Socket.
[[0;32m  OK  [0m] Listening on Syslog Socket.
[   28.321504] systemd[1]: Listening on Device-mapper event damo FFOs.

[[0;32m  OK  [0m] Listening on Device-mapper event daemon FIFOs.
[   28.409328] systemd[1]: Listening on Journal Socket.
[[0;32m  OK  [0m] Listening on Journal Socket.
[   28.428638] systemd[1]: Mounting Huge Pages File System...
         Mounting Huge Pages File System...
[   28.436332] systemd[1]: Starting Set console keymap...
         Starting Set console keymap...
[   28.456857] systemd[1]: Starting Create list of required static device nodes for the current kernel...
         Starting Create list of required st... nodes for the current kernel...
[   28.496613] systemd[1]: Mounting POSIX Message Queue File System...
         Mounting POSIX Message Queue File System...
[   28.513484] systemd[1]: Starting Load Kernel Modules...
[   28.556373] Loading iSCSI transport class v2.0-870.
         Starting Load Kernel Modules...
[   28.560041] systemd[1]: Starting Uncomplicated firewall...
         Starting Uncomplicated firewall...
[   28.570755] systemd[1]: Mounting Debug File System...
         Mountin[   28.580197] iscsi: registered transport (tcp)
g Debug File System...
[   28.596949] systemd[1]: Created slice system-serial\x2dgetty.slice.
[[0;32m  OK  [0m] Created slic[   28.613784] iscsi: registered transport (iser)
e system-serial\x2dgetty.slice.
[   28.637027] systemd[1]: Starting Nameserver information manager...
         Starting Nameserver information manager...
[   28.728716] systemd[1]: Started Trigger resolvconf update for networkd DNS.
[[0;32m  OK  [0m] Started Trigger resolvconf update for networkd DNS.
[   28.928539] systemd[1]: Listening on LVM2 poll daemon socket.
[[0;32m  OK  [0m] Listening on LVM2 poll daemon socket.
[   28.958649] systemd[1]: Listening on Journal Audit Socket.
[[0;32m  OK  [0m] Listening on Journal Audit Socket.
[   29.100751] systemd[1]: Starting Journal Service...
         Starting Journal Service...
[   29.172938] systemd[1]: Listening on udev Kernel Socket.
[[0;32m  OK  [0m] Listening on udev Kernel Socket.
[   29.208497] systemd[1]: Starting Monitoring of LVM2 mirrors, snapshots etc. using dmeventd or progress polling...
         Starting Monitoring of LVM2 mirrors... dmeventd or progress polling...
[   29.315569] systemd[1]: Reached target Slices.
[[0;32m  OK  [0m] Reached target Slices.
[   29.376640] systemd[1]: Starting Remount Root and Kernel File Systems...
[   29.382013] EXT4-fs (sda1): re-mounted. Opts: (null)
         Starting Remount Root and Kernel File Systems...
[   29.514172] systemd[1]: Mounted Debug File System.
[[0;32m  OK  [0m] Mounted Debug File System.
[   29.636753] systemd[1]: Mounted POSIX Message Queue File System.
[[0;32m  OK  [0m] Mounted POSIX Message Queue File System.
[   29.716417] systemd[1]: Mounted Huge Pages File System.
[[0;32m  OK  [0m] Mounted Huge Pages File System.
[   29.796706] systemd[1]: Started Journal Service.
[[0;32m  OK  [0m] Started Journal Service.
[[0;32m  OK  [0m] Started Set console keymap.
[[0;32m  OK  [0m] Started Create list of required sta...ce nodes for the current kernel.
[[0;32m  OK  [0m] Started Load Kernel Modules.
[[0;32m  OK  [0m] Started Uncomplicated firewall.
[[0;32m  OK  [0m] Started Remount Root and Kernel File Systems.
[[0;32m  OK  [0m] Started Nameserver information manager.
[[0;32m  OK  [0m] Started LVM2 metadata daemon.
         Starting Initial cloud-init job (pre-networking)...
         Starting Load/Save Random Seed...
         Starting udev Coldplug all Devices...
         Mounting FUSE Control File System...
         Starting Apply Kernel Variables...
         Starting Create Static Device Nodes in /dev...
         Starting Flush Journal to Persistent Storage...
[[0;32m  OK  [0m] Mounted FUSE Control File System.
[[0;32m  OK  [0m] Started Load/Save Random Seed.
[[0;32m  OK  [0m] Started Apply Kernel Variables.
[[0;32m  OK  [0m] Started Create Static Device Nodes in /dev.
[[0;32m  OK  [0m] Started udev Coldplug all Devices.
[[0;32m  OK  [0m] Started Monitoring of LVM2 mirrors,...ng dmeventd or progress polling.
[[0;32m  OK  [0m] Started Flush Journal to Persistent Storage.
         Starting udev Kernel Device Manager...
[[0;32m  OK  [0m] Started udev Kernel Device Manager.
[[0;32m  OK  [0m] Reached target Local File Systems (Pre).
[[0;32m  OK  [0m] Reached target Local File Systems.
         Starting Create Volatile Files and Directories...
         Starting Tell Plymouth To Write Out Runtime Data...
         Starting Set console font and keymap...
         Starting Commit a transient machine-id on disk...
         Starting LSB: AppArmor initialization...
[[0;32m  OK  [0m] Started Dispatch Password Requests to Console Directory Watch.
[[0;32m  OK  [0m] Started Create Volatile Files and Directories.
[[0;32m  OK  [0m] Started Tell Plymouth To Write Out Runtime Data.
[[0;32m  OK  [0m] Started Commit a transient machine-id on disk.
[[0;32m  OK  [0m] Reached target System Time Synchronized.
         Starting Update UTMP about System Boot/Shutdown...
[[0;32m  OK  [0m] Found device /dev/ttyS0.
[[0;32m  OK  [0m] Started Update UTMP about System Boot/Shutdown.
[[0;32m  OK  [0m] Listening on Load/Save RF Kill Switch Status /dev/rfkill Watch.
[   25.146491] cloud-init[447]: Cloud-init v. 17.1 running 'init-local' at Thu, 01 Mar 2018 06:48:39 +0000. Up 24.36 seconds.
[[0;32m  OK  [0m] Started Initial cloud-init job (pre-networking).
[[0;32m  OK  [0m] Started Set console font and keymap.
[[0;32m  OK  [0m] Started LSB: AppArmor initialization.
[[0;32m  OK  [0m] Created slice system-getty.slice.
[[0;32m  OK  [0m] Reached target Network (Pre).
         Starting Raise network interfaces...
[[0;32m  OK  [0m] Started Raise network interfaces.
[[0;32m  OK  [0m] Reached target Network.
         Starting Initial cloud-init job (metadata service crawler)...
[   28.771597] cloud-init[955]: Cloud-init v. 17.1 running 'init' at Thu, 01 Mar 2018 06:48:42 +0000. Up 28.10 seconds.
[   28.808750] cloud-init[955]: ci-info: ++++++++++++++++++++++++++++++++++++++Net device info++++++++++++++++++++++++++++++++++++++
[   28.864850] [cloud-init[0;32m  OK  [0m[955]: ] ci-info: +--------+-------+----------------------------+---------------+-------+-------------------+Started Initial cloud-init job (metadata service crawler).

[   28.865360] cloud-init[955]: ci-info: | Device |   Up  |          Address           |      Mask     | Scope |     Hw-Address    |
[   28.948766] [cloud-init[0;32m  OK  [0m[955]: ] ci-info: +--------+-------+----------------------------+---------------+-------+-------------------+Reached target Cloud-config availability.

[   28.949427] [cloud-init[0;32m  OK  [0m[955]: ] ci-info: | enp0s3 |  True |         10.0.2.15          | 255.255.255.0 |   .   | 02:24:89:81:87:2f |Reached target Network is Online.

[   28.968095] cloud-init[955]: ci-info: | enp0s3 |  True | fe80::24:89ff:fe81:872f/64 |       .       |  link | 02:24:89:81:87:2f |
[   28.985637]          cloud-initStarting iSCSI initiator daemon (iscsid)...[955]: 
ci-info: | enp0s8 | False |             .              |       .       |   .   | 08:00:27:2c:1a:70 |
[[0;32m  OK  [0m] Reached target System Initialization.
[[0;32m  OK  [0m] Listening on ACPID Listen Socket.
[   28.995797] cloud-init[955]: ci-info: |   lo   |  True |         127.0.0.1          |   255.0.0.0   |   .   |         .         |
[   29.027763] cloud-init[955]: ci-info: |   lo   |  True |          ::1/128           |       .       |  host |         .         |
[   29.029608] cloud-init[955]: ci-info: +--------+-------+----------------------------+---------------+-------+-------------------+
[   29.030950] cloud-init[955]: ci-info: +++++++++++++++++++++++++++Route IPv4 info++++++++++++++++++++++++++++
         Starting Socket activation for snappy daemon.
[[0;32m  OK  [0m] Listening on D-Bus System Message Bus Socket.
[   29.031413] cloud-init[955]: ci-info: +-------+-------------+----------+---------------+-----------+-------+
[   29.373190] [cloud-init[0;32m  OK  [0m[955]: ] ci-info: | Route | Destination | Gateway  |    Genmask    | Interface | Flags |Started ACPI Events Check.

[   29.432206] [cloud-init[0;32m  OK  [0m[955]: ] ci-info: +-------+-------------+----------+---------------+-----------+-------+Reached target Paths.

[[0;32m  OK  [0m] Started Daily apt download activities.
[[0;32m  OK  [0m] Started Daily apt upgrade and clean activities.
[   29.432884] cloud-init[955]: ci-info: |   0   |   0.0.0.0   | 10.0.2.2 |    0.0.0.0    |   enp0s3  |   UG  |
[[0;32m  OK  [0m] Started Daily Cleanup of Temporary Directories.
[   29.776944] [cloud-init[0;32m  OK  [0m[955]: ] ci-info: |   1   |   10.0.2.0  | 0.0.0.0  | 255.255.255.0 |   enp0s3  |   U   |Started Timer to automatically refresh installed snaps.

[   29.905005] [cloud-init[0;32m  OK  [0m[955]: ] ci-info: +-------+-------------+----------+---------------+-----------+-------+Reached target Timers.

[   30.024786]          cloud-initStarting LXD - unix socket.[955]: 
Generating public/private rsa key pair.
[   30.180576] [cloud-init[0;32m  OK  [0m[955]: ] Your identification has been saved in /etc/ssh/ssh_host_rsa_key.Listening on UUID daemon activation socket.

[   30.181473] cloud-init[955]: Your public key has been saved in /etc/ssh/ssh_host_rsa_key.pub.
[   30.308934] [cloud-init[0;32m  OK  [0m[955]: ] The key fingerprint is:Listening on Socket activation for snappy daemon.

[   30.312539] [cloud-init[0;32m  OK  [0m[955]: ] SHA256:ZAmL3kmPLg52JiFw5h4UtKB2fAPSVec/8q+bqek6bR4 root@ubuntu-xenialListening on LXD - unix socket.

[   30.494534] [cloud-init[0;32m  OK  [0m[955]: ] The key's randomart image is:Started iSCSI initiator daemon (iscsid).

[   30.495095] cloud-init[955]: +---[RSA 2048]----+
[   30.526381] cloud-init[955]: |.o+...o. .       |
[   30.539797] cloud-init[955]: |..o+.. oo.       |
[   30.592788]          cloud-initStarting Login to default iSCSI targets...[955]: 
|o.=o.oo +.       |
[[0;32m  OK  [0m] Reached target Sockets.
[   30.697413] [cloud-init[0;32m  OK  [0m[955]: ] |o=...o.*  .      |Reached target Basic System.

[   30.710347] cloud-init[955]: |. + . + S. o     |
[   30.792759]          cloud-initStarting Accounts Service...[955]: 
| o o .    o .    |
[   30.835266] [cloud-init[0;32m  OK  [0m[955]: ] |  = + . .E .     |Started D-Bus System Message Bus.

[   30.835827] cloud-init[955]: | . * . . oo +    |
[   30.941003] [[0;32m  OK  [0m] Started Deferred execution scheduler.
cloud-init[955]: |    .  .*=.=o.   |
[   30.960300]          cloud-initStarting Login Service...[955]: 
+----[SHA256]-----+
[   30.960894] cloud-init[955]: Generating public/private dsa key pair.
[   31.048375]          cloud-initStarting Pollinate to seed the pseudo random number generator...[955]: 
Your identification has been saved in /etc/ssh/ssh_host_dsa_key.
[   31.086420] [[0;32m  OK  [0m] Started Unattended Upgrades Shutdown.
cloud-init[955]: Your public key has been saved in /etc/ssh/ssh_host_dsa_key.pub.
[   31.128412]          cloud-initStarting LSB: Record successful boot for GRUB...[955]: 
The key fingerprint is:
[   31.210904] [[0;32m  OK  [0m] Started ACPI event daemon.
cloud-init[955]: SHA256:hC0eMZpbnd0o+Ed6WHcb0pLpkkutwYlNfT/LkVUhWaw root@ubuntu-xenial
[   31.280546] [cloud-init[0;32m  OK  [0m[955]: ] The key's randomart image is:Started FUSE filesystem for LXC.

[   31.339331]          cloud-initStarting /etc/rc.local Compatibility...[955]: 
+---[DSA 1024]----+
[   31.428634] cloud-init[[955]: [0;32m  OK  [0m|      o      .+oo|] 
Started Regular background program processing daemon.
[   31.561623]          cloud-initStarting LSB: MD monitoring daemon...[955]: 
|     o B o + =...|
[   31.566707] cloud-init[955]: |    o * * * O * .|
[   31.568759] cloud-init[955]: |     + = @ * E +o|
[   31.616935]          cloud-initStarting System Logging Service...[955]: 
|    . . S @ o .+.|
[   31.644744]          cloud-initStarting Apply the settings specified in cloud-config...[955]: 
|         + =  . +|
         Starting LXD - container startup/shutdown...
[   31.722980] cloud-init[955]: |          o    o |
         Starting Snappy daemon...
[[0;32m  OK  [0m] Started System Logging Service.
[[0;32m  OK  [0m] Started /etc/rc.local Compatibility.
[[0;32m  OK  [0m] Started LXD - container startup/shutdown.
[[0;32m  OK  [0m] Started Snappy daemon.
[   31.814989] cloud-init[955]: |                 |
[   32.036112] cloud-init[955]: |                 |
[   32.055611] cloud-init[955]: +----[SHA256]-----+
[   32.064288] cloud-init[955]: Generating public/private ecdsa key pair.
[[0;32m  OK  [0m] Started Login to default iSCSI targets.
[   32.106909] cloud-init[955]: Your identification has been saved in /etc/ssh/ssh_host_ecdsa_key.
[   32.136390] cloud-init[955]: Your public key has been saved in /etc/ssh/ssh_host_ecdsa_key.pub.
[   32.228839] cloud-init[955]: The key fingerprint is:
[   32.229304] cloud-init[955]: SHA256:K0KJttjv9/iyMOqP2e+UngqH0vUN41X39gvFhjYHHyY root@ubuntu-xenial
[[0;32m  OK  [0m] Started LSB: Record successful boot for GRUB.
[   32.229484] cloud-init[955]: The key's randomart image is:
[   32.322739] cloud-init[955]: +---[ECDSA 256]---+
[[   32.380301] cloud-init[955]: |                 |
[   32.380895] cloud-init[955]: |                 |
[0;32m  OK  [0m] Started LSB: MD monitoring daemon.
[   32.381021] cloud-init[955]: |          . .E o |
[   32.484970] cloud-init[955]: |   . .   . . .B .|
[   32.485396] cloud-init[955]: |  o + o S    +o* |
         Starting Authenticate and Authorize Users to Run Privileged Tasks...
[[   32.485649] cloud-init[955]: | = = o * .  ..=. |
[   32.504085] cloud-init[955]: |o * = * o    .  .|
[0;32m  OK  [0m] Reached target Remote File Systems (Pre).
[   32.504238] cloud-init[955]: | . O *o+      . .|
[   32.553282] cloud-init[955]: | .=o*=B=o      . |
[   32.553637] cloud-init[955]: +----[SHA256]-----+
[[0;32m  OK  [0m] Reached target Remote File Systems.
[   32.553809] cloud-init[955]: Generating public/private ed25519 key pair.
[   32.672923] cloud-init[955]: Your identification has been saved in /etc/ssh/ssh_host_ed25519_key.
[   32.673268] cloud-init[955]: Your public key has been saved in /etc/ssh/ssh_host_ed25519_key.pub.
         Starting Permit User Sessions...
[   32.673454] cloud-init[955]: The key fingerprint is:
[   32.868478] cloud-init[955]: SHA256:wNwW0Ib+0dpCfP575Zf5P2Y859hIVxlbOaqmRmmdV6c root@ubuntu-xenial
[   32.932695] cloud-init[955]: The key's randomart image is:
[   32.933095] cloud-init[955]: +--[ED25519 256]--+
         Starting LSB: automatic crash report generation...
[   32.933374] cloud-init[955]: |      .+.        |
[   32.988622] cloud-init[955]: |     o..o.      .|
         Starting LSB: VirtualBox Linux Additions...
[   33.015321] cloud-init[955]: |     .+oo.     +.|
         Starting LSB: daemon to balance interrupts for SMP systems...
[   33.045329] cloud-init[955]: |      .o+ o   ..B|
[   33.107273] cloud-init[955]: |       oS*o ...+o|
[   33.144265]          Starting LSB: Set the CPU Frequency Scaling governor to "ondemand"...
cloud-init[955]: |        ++oo..E o|
[[0;32m  OK  [0m] Started Pollinate to seed the pseudo random number generator.
[[0;32m  OK  [0m] Started Permit User Sessions.
[   33.148579] cloud-init[955]: |        o. +. oo+|
[   33.203485] cloud-init[955]: |         .o ...&+|
[   33.203757] cloud-init[955]: |        ..  .o=.%|
[   33.204109] cloud-init[955]: +----[SHA256]-----+
[[0;32m  OK  [0m] Started Login Service.
[   33.217239] cloud-init[1138]: Generating locales (this might take a while)...
[   33.282216] cloud-init[1138]:   en_US.UTF-8... done
[   33.282583] cloud-init[1138]: Generation complete.
[[0;32m  OK  [0m] Started Authenticate and Authorize Users to Run Privileged Tasks.
[[0;32m  OK  [0m] Started Accounts Service.
         Starting Terminate Plymouth Boot Screen...
         Starting Hold until boot process finishes up...
         Starting OpenBSD Secure Shell server...
[[0;32m  OK  [0m] Started OpenBSD Secure Shell server.
[[0;32m  OK  [0m] Started LSB: automatic crash report generation.
[[0;32m  OK  [0m] Started LSB: VirtualBox Linux Additions.
[[0;32m  OK  [0m] Started LSB: daemon to balance interrupts for SMP systems.
[   33.592590] cloud-init[1138]: Cloud-init v. 17.1 running 'modules:config' at Thu, 01 Mar 2018 06:48:46 +0000. Up 32.05 seconds.
[[0;32m  OK  [0m] Started LSB: Set the CPU Frequency Scaling governor to "ondemand".
[[0;32m  OK  [0m] Started Apply the settings specified in cloud-config.
[[0;32m  OK  [0m] Started Terminate Plymouth Boot Screen.
[[0;32m  OK  [0m] Started Hold until boot process finishes up.
[[0;32m  OK  [0m] Started Getty on tty1.
[[0;32m  OK  [0m] Started Serial Getty on ttyS0.
[[0;32m  OK  [0m] Reached target Login Prompts.
         Starting Set console scheme...
[[0;32m  OK  [0m] Reached target Multi-User System.
         Starting Execute cloud user/final scripts...
[[0;32m  OK  [0m] Reached target Graphical Interface.
         Starting Update UTMP about System Runlevel Changes...
[[0;32m  OK  [0m] Started Set console scheme.
[[0;32m  OK  [0m] Started Update UTMP about System Runlevel Changes.
ci-info: no authorized ssh keys fingerprints found for user ubuntu.
<14>Mar  1 06:48:49 ec2: 
<14>Mar  1 06:48:49 ec2: #############################################################
<14>Mar  1 06:48:49 ec2: -----BEGIN SSH HOST KEY FINGERPRINTS-----
<14>Mar  1 06:48:49 ec2: 1024 SHA256:hC0eMZpbnd0o+Ed6WHcb0pLpkkutwYlNfT/LkVUhWaw root@ubuntu-xenial (DSA)
<14>Mar  1 06:48:49 ec2: 256 SHA256:K0KJttjv9/iyMOqP2e+UngqH0vUN41X39gvFhjYHHyY root@ubuntu-xenial (ECDSA)
<14>Mar  1 06:48:49 ec2: 256 SHA256:wNwW0Ib+0dpCfP575Zf5P2Y859hIVxlbOaqmRmmdV6c root@ubuntu-xenial (ED25519)
<14>Mar  1 06:48:49 ec2: 2048 SHA256:ZAmL3kmPLg52JiFw5h4UtKB2fAPSVec/8q+bqek6bR4 root@ubuntu-xenial (RSA)
<14>Mar  1 06:48:49 ec2: -----END SSH HOST KEY FINGERPRINTS-----
<14>Mar  1 06:48:49 ec2: #############################################################
-----BEGIN SSH HOST KEY KEYS-----
ecdsa-sha2-nistp256 AAAAE2VjZHNhLXNoYTItbmlzdHAyNTYAAAAIbmlzdHAyNTYAAABBBPpGZ1KWONybnsuR51/mjprNEkrQ0uqv3dOBQKqdJ43JfXh3XEyjKDJ67yrQ3QwjfxE1ptc7ubF3vVUWNHTVB7w= root@ubuntu-xenial
ssh-ed25519 AAAAC3NzaC1lZDI1NTE5AAAAINYX+vkuNuPkJXWP/IIg/WA8fcCXpdgETtIIPGP75/KX root@ubuntu-xenial
ssh-rsa AAAAB3NzaC1yc2EAAAADAQABAAABAQC1Juhe35KPCTkmfxkrMNuZchV2zkq61BwL7h3IIqQXlpPE8H7p6AcL842ug+WEjoqKP7sBvjfL5aU4jYSKj47XJFn8imSfIdDQYvbQyW0Dn7MQCY/FAkLakmIS5AcZYCQhtx6MN43WyeaspYwQnC/DdT2ZG17IE6S+FdgE00c78dZt9BqTgWUCXry4bhP36PnP9DqXezragqN2pDMQmWOZujMhFss+UKI8CBtfJrVMfQyQg4Uzmf7ztx2+pJqu+wSVyBLT2jijAqAzNMrwh4VSzru07pg9bqJmwWsFrsSjgMVhW3avBQ0Ao+olvyVdMHVmRfWNAXud13UKSvar5D+B root@ubuntu-xenial
-----END SSH HOST KEY KEYS-----
[   34.803439] cloud-init[1309]: Cloud-init v. 17.1 running 'modules:final' at Thu, 01 Mar 2018 06:48:49 +0000. Up 34.36 seconds.
[   34.813372] cloud-init[1309]: ci-info: no authorized ssh keys fingerprints found for user ubuntu.
[   34.833297] cloud-init[1309]: Cloud-init v. 17.1 finished at Thu, 01 Mar 2018 06:48:49 +0000. Datasource DataSourceNoCloud [seed=/dev/sdb][dsmode=net].  Up 34.79 seconds
[[0;32m  OK  [0m] Started Execute cloud user/final scripts.
[[0;32m  OK  [0m] Reached target Cloud-init target.

Ubuntu 16.04.4 LTS ubuntu-xenial ttyS0

ubuntu-xenial login: 